-------------------------------------------------------------------------------
Test set: runner.test_runner
-------------------------------------------------------------------------------
Tests run: 1, Failures: 1, Errors: 0, Skipped: 0, Time elapsed: 43.476 s <<< FAILURE! - in runner.test_runner
runner.test_runner.runScenario["To Test the Login with invalid data", "Test the guru99 login"](1)  Time elapsed: 41.775 s  <<< FAILURE!
io.cucumber.testng.UndefinedStepException: 
The step 'Click on the login button' is undefined.
You can implement this step using the snippet(s) below:

@When("Click on the login button")
public void click_on_the_login_button() {
    // Write code here that turns the phrase above into concrete actions
    throw new io.cucumber.java.PendingException();
}


